<?xml version="1.0" encoding="UTF-8"?>
<!-- Generated by org.testng.reporters.JUnitReportReporter -->
<testsuite hostname="DESKTOP-AFOKJFM" failures="0" tests="1" name="com.projectboibazar.test.Boibazar.com.TC_5_SignIn" time="51.165" errors="0" timestamp="2021-11-24T22:06:48 BDT" skipped="0">
  <testcase classname="com.projectboibazar.test.Boibazar.com.TC_5_SignIn" name="signinOrder" time="51.165"/>
  <system-out/>
</testsuite> <!-- com.projectboibazar.test.Boibazar.com.TC_5_SignIn -->
