<?xml version="1.0" encoding="UTF-8"?>
<!-- Generated by org.testng.reporters.JUnitReportReporter -->
<testsuite hostname="DESKTOP-AFOKJFM" failures="0" tests="1" name="com.projectboibazar.test.Boibazar.com.TC_2_Filter" time="33.818" errors="0" timestamp="2021-11-24T22:35:47 BDT" skipped="0">
  <testcase classname="com.projectboibazar.test.Boibazar.com.TC_2_Filter" name="filterNovel" time="33.818"/>
  <system-out/>
</testsuite> <!-- com.projectboibazar.test.Boibazar.com.TC_2_Filter -->
