<?xml version="1.0" encoding="UTF-8"?>
<!-- Generated by org.testng.reporters.JUnitReportReporter -->
<testsuite hostname="DESKTOP-AFOKJFM" failures="0" tests="1" name="com.projectboibazar.test.Boibazar.com.TC_4_CreateAcount" time="62.088" errors="0" timestamp="2021-11-24T22:46:25 BDT" skipped="0">
  <testcase classname="com.projectboibazar.test.Boibazar.com.TC_4_CreateAcount" name="createAccont" time="62.088"/>
  <system-out/>
</testsuite> <!-- com.projectboibazar.test.Boibazar.com.TC_4_CreateAcount -->
