<?xml version="1.0" encoding="UTF-8"?>
<!-- Generated by org.testng.reporters.JUnitReportReporter -->
<testsuite hostname="DESKTOP-AFOKJFM" failures="0" tests="1" name="com.projectboibazar.test.Boibazar.com.OpenPage" time="59.430" errors="0" timestamp="2021-11-24T19:51:05 BDT" skipped="0">
  <testcase classname="com.projectboibazar.test.Boibazar.com.OpenPage" name="boibazarOpen" time="59.430"/>
  <system-out/>
</testsuite> <!-- com.projectboibazar.test.Boibazar.com.OpenPage -->
